Using pre-set license
Built from '2020.3/staging' branch; Version is '2020.3.4f1 (0abb6314276a) revision 703331'; Using compiler version '192528614'; Build Type 'Release'
OS: 'Windows 10 Pro; OS build 19042.928; Version 2009; 64bit' Language: 'en' Physical Memory: 32198 MB
BatchMode: 1, IsHumanControllingUs: 0, StartBugReporterOnCrash: 0, Is64bit: 1, IsPro: 0

 COMMAND LINE ARGUMENTS:
C:\Program Files\Unity\2020.3.4f1\Editor\Unity.exe
-adb2
-batchMode
-noUpm
-name
AssetImportWorker0
-projectPath
C:/GitHubProjects/CasinoSim
-logFile
Logs/AssetImportWorker0.log
-srvPort
51506
Successfully changed project path to: C:/GitHubProjects/CasinoSim
C:/GitHubProjects/CasinoSim
Using Asset Import Pipeline V2.
Refreshing native plugins compatible for Editor in 127.46 ms, found 1 plugins.
Preloading 0 native plugins for Editor in 0.00 ms.
Initialize engine version: 2020.3.4f1 (0abb6314276a)
[Subsystems] Discovering subsystems at path C:/Program Files/Unity/2020.3.4f1/Editor/Data/Resources/UnitySubsystems
[Subsystems] Discovering subsystems at path C:/GitHubProjects/CasinoSim/Assets
GfxDevice: creating device client; threaded=0
Direct3D:
    Version:  Direct3D 11.0 [level 11.1]
    Renderer: NVIDIA Quadro T2000 (ID=0x1fb8)
    Vendor:   
    VRAM:     3962 MB
    Driver:   27.21.14.6140
Initialize mono
Mono path[0] = 'C:/Program Files/Unity/2020.3.4f1/Editor/Data/Managed'
Mono path[1] = 'C:/Program Files/Unity/2020.3.4f1/Editor/Data/MonoBleedingEdge/lib/mono/unityjit'
Mono config path = 'C:/Program Files/Unity/2020.3.4f1/Editor/Data/MonoBleedingEdge/etc'
Using monoOptions --debugger-agent=transport=dt_socket,embedding=1,server=y,suspend=n,address=127.0.0.1:56908
Begin MonoManager ReloadAssembly
Registering precompiled unity dll's ...
Register platform support module: C:/Program Files/Unity/2020.3.4f1/Editor/Data/PlaybackEngines/WindowsStandaloneSupport/UnityEditor.WindowsStandalone.Extensions.dll
Registered in 0.006670 seconds.
Native extension for WindowsStandalone target not found
Refreshing native plugins compatible for Editor in 137.98 ms, found 1 plugins.
Preloading 0 native plugins for Editor in 0.00 ms.
Mono: successfully reloaded assembly
- Completed reload, in  3.693 seconds
Platform modules already initialized, skipping
Registering precompiled user dll's ...
Registered in 0.003170 seconds.
Begin MonoManager ReloadAssembly
Native extension for WindowsStandalone target not found
Refreshing native plugins compatible for Editor in 181.15 ms, found 1 plugins.
Preloading 0 native plugins for Editor in 0.00 ms.
Mono: successfully reloaded assembly
- Completed reload, in  3.646 seconds
Platform modules already initialized, skipping
========================================================================
Worker process is ready to serve import requests
Launched and connected shader compiler UnityShaderCompiler.exe after 0.10 seconds
Refreshing native plugins compatible for Editor in 0.71 ms, found 1 plugins.
Preloading 0 native plugins for Editor in 0.00 ms.
Unloading 1807 Unused Serialized files (Serialized files now loaded: 0)
System memory in use before: 84.7 MB.
System memory in use after: 84.8 MB.

Unloading 19 unused Assets to reduce memory usage. Loaded Objects now: 2255.
Total: 4.316800 ms (FindLiveObjects: 0.341400 ms CreateObjectMapping: 0.142200 ms MarkObjects: 3.715500 ms  DeleteObjects: 0.115400 ms)

========================================================================
Received Import Request.
  path: Assets/Textures/Overall UI/Craps Icon.png
  artifactKey: Guid(2afdf169d3b682d41a47da5a5391e5c5) Importer(815301076,1909f56bfc062723c751e8b465ee728b)
Start importing Assets/Textures/Overall UI/Craps Icon.png using Guid(2afdf169d3b682d41a47da5a5391e5c5) Importer(815301076,1909f56bfc062723c751e8b465ee728b)  -> (artifact id: '5a8a15374120ab089d11e6a390a37d48') in 0.167467 seconds
  Import took 0.175111 seconds .

========================================================================
Received Prepare
Registering precompiled user dll's ...
Registered in 0.001321 seconds.
Begin MonoManager ReloadAssembly
Native extension for WindowsStandalone target not found
Refreshing native plugins compatible for Editor in 1.15 ms, found 1 plugins.
Preloading 0 native plugins for Editor in 0.00 ms.
Mono: successfully reloaded assembly
- Completed reload, in  2.427 seconds
Platform modules already initialized, skipping
Refreshing native plugins compatible for Editor in 1.17 ms, found 1 plugins.
Preloading 0 native plugins for Editor in 0.00 ms.
Unloading 1844 Unused Serialized files (Serialized files now loaded: 0)
System memory in use before: 90.3 MB.
System memory in use after: 89.8 MB.

Unloading 20 unused Assets to reduce memory usage. Loaded Objects now: 2299.
Total: 6.659700 ms (FindLiveObjects: 0.469900 ms CreateObjectMapping: 0.199300 ms MarkObjects: 5.114900 ms  DeleteObjects: 0.872900 ms)

========================================================================
Received Import Request.
  Time since last request: 629.631408 seconds.
  path: Assets/Textures/Overall UI/Chip20.png
  artifactKey: Guid(738fda8aeda6a804c8ee12d95b4c075a) Importer(815301076,1909f56bfc062723c751e8b465ee728b)
Start importing Assets/Textures/Overall UI/Chip20.png using Guid(738fda8aeda6a804c8ee12d95b4c075a) Importer(815301076,1909f56bfc062723c751e8b465ee728b)  -> (artifact id: '4776e3a853b41cd81c3bca45556e6369') in 0.116329 seconds
  Import took 0.124533 seconds .

========================================================================
Received Import Request.
  Time since last request: 2.367283 seconds.
  path: Assets/Textures/Overall UI/Generic Felt Mat.jpeg
  artifactKey: Guid(bdd7b0b506dfe9f4595266b5131316cb) Importer(815301076,1909f56bfc062723c751e8b465ee728b)
Start importing Assets/Textures/Overall UI/Generic Felt Mat.jpeg using Guid(bdd7b0b506dfe9f4595266b5131316cb) Importer(815301076,1909f56bfc062723c751e8b465ee728b)  -> (artifact id: 'f136348bafde8451c9f8cbc205595043') in 0.059657 seconds
  Import took 0.068117 seconds .

========================================================================
Received Import Request.
  Time since last request: 3.837281 seconds.
  path: Assets/Textures/Overall UI/Chip5000.png
  artifactKey: Guid(c0f5fd6c847e2814297eea2956a64c8f) Importer(815301076,1909f56bfc062723c751e8b465ee728b)
Start importing Assets/Textures/Overall UI/Chip5000.png using Guid(c0f5fd6c847e2814297eea2956a64c8f) Importer(815301076,1909f56bfc062723c751e8b465ee728b)  -> (artifact id: '5acfdb1cacd749f997073adbe178ca78') in 0.040340 seconds
  Import took 0.049630 seconds .

========================================================================
Received Import Request.
  Time since last request: 0.002792 seconds.
  path: Assets/Textures/Overall UI/Chip5000.png
  artifactKey: Guid(c0f5fd6c847e2814297eea2956a64c8f) Importer(815301076,1909f56bfc062723c751e8b465ee728b)
Start importing Assets/Textures/Overall UI/Chip5000.png using Guid(c0f5fd6c847e2814297eea2956a64c8f) Importer(815301076,1909f56bfc062723c751e8b465ee728b)  -> (artifact id: '5acfdb1cacd749f997073adbe178ca78') in 0.034862 seconds
  Import took 0.042343 seconds .

========================================================================
Received Import Request.
  Time since last request: 184.585735 seconds.
  path: Assets/Textures/Overall UI/Chip50.png
  artifactKey: Guid(66833bcb800ad8e489f9bffd704a6919) Importer(815301076,1909f56bfc062723c751e8b465ee728b)
Start importing Assets/Textures/Overall UI/Chip50.png using Guid(66833bcb800ad8e489f9bffd704a6919) Importer(815301076,1909f56bfc062723c751e8b465ee728b)  -> (artifact id: 'a815806d89d23dd4d4784e27a506ea17') in 0.024349 seconds
  Import took 0.030262 seconds .

========================================================================
Received Prepare
Registering precompiled user dll's ...
Registered in 0.001620 seconds.
Begin MonoManager ReloadAssembly
Native extension for WindowsStandalone target not found
Refreshing native plugins compatible for Editor in 1.14 ms, found 1 plugins.
Preloading 0 native plugins for Editor in 0.00 ms.
Mono: successfully reloaded assembly
- Completed reload, in  3.115 seconds
Platform modules already initialized, skipping
Refreshing native plugins compatible for Editor in 1.13 ms, found 1 plugins.
Preloading 0 native plugins for Editor in 0.00 ms.
Unloading 1844 Unused Serialized files (Serialized files now loaded: 0)
System memory in use before: 90.4 MB.
System memory in use after: 89.9 MB.

Unloading 20 unused Assets to reduce memory usage. Loaded Objects now: 2308.
Total: 6.780000 ms (FindLiveObjects: 0.366900 ms CreateObjectMapping: 0.165200 ms MarkObjects: 5.300500 ms  DeleteObjects: 0.945200 ms)

========================================================================
Received Import Request.
  Time since last request: 1451.293254 seconds.
  path: Assets/Textures/Overall UI/100chipStacked.png
  artifactKey: Guid(9bda1e0c4dfa74f41a7467d48b6563d1) Importer(815301076,1909f56bfc062723c751e8b465ee728b)
Start importing Assets/Textures/Overall UI/100chipStacked.png using Guid(9bda1e0c4dfa74f41a7467d48b6563d1) Importer(815301076,1909f56bfc062723c751e8b465ee728b)  -> (artifact id: '47dece7ff99bfe9036f65323f3e85545') in 0.185291 seconds
  Import took 0.191558 seconds .

========================================================================
Received Prepare
Registering precompiled user dll's ...
Registered in 0.003063 seconds.
Begin MonoManager ReloadAssembly
Native extension for WindowsStandalone target not found
Refreshing native plugins compatible for Editor in 0.42 ms, found 1 plugins.
Preloading 0 native plugins for Editor in 0.00 ms.
Mono: successfully reloaded assembly
- Completed reload, in  2.498 seconds
Platform modules already initialized, skipping
Refreshing native plugins compatible for Editor in 0.58 ms, found 1 plugins.
Preloading 0 native plugins for Editor in 0.00 ms.
Unloading 1844 Unused Serialized files (Serialized files now loaded: 0)
System memory in use before: 90.4 MB.
System memory in use after: 89.9 MB.

Unloading 20 unused Assets to reduce memory usage. Loaded Objects now: 2315.
Total: 3.419500 ms (FindLiveObjects: 0.223100 ms CreateObjectMapping: 0.090000 ms MarkObjects: 2.474200 ms  DeleteObjects: 0.631000 ms)

AssetImportWorkerClient::OnTransportError - code=2 error=End of file
